14:24:06 | INFO | Pygame inicializado: 1200x700
14:24:13 | INFO | Canvas limpo
14:24:14 | INFO | Polígono aberto criado com 4 vértices
14:24:16 | INFO | Seleção concluída: 4 pontos (brutos)
14:24:16 | INFO | Pontos transformáveis (objetos completos): 4
14:24:28 | INFO | Seleção concluída: 0 pontos (brutos)
14:24:28 | INFO | Pontos transformáveis (objetos completos): 0
14:24:28 | INFO | Nenhum objeto completo na seleção — modal não aberto.
14:24:29 | INFO | Seleção concluída: 2 pontos (brutos)
14:24:29 | INFO | Pontos transformáveis (objetos completos): 0
14:24:29 | INFO | Nenhum objeto completo na seleção — modal não aberto.
14:24:31 | INFO | Seleção concluída: 0 pontos (brutos)
14:24:31 | INFO | Pontos transformáveis (objetos completos): 0
14:24:31 | INFO | Nenhum objeto completo na seleção — modal não aberto.
14:24:33 | INFO | Seleção concluída: 3 pontos (brutos)
14:24:33 | INFO | Pontos transformáveis (objetos completos): 0
14:24:33 | INFO | Nenhum objeto completo na seleção — modal não aberto.
14:24:33 | INFO | Seleção concluída: 0 pontos (brutos)
14:24:33 | INFO | Pontos transformáveis (objetos completos): 0
14:24:33 | INFO | Nenhum objeto completo na seleção — modal não aberto.
14:24:34 | INFO | Canvas limpo
